{
  "RSpec": {
    "coverage": {
      "/Users/teemu/Projects/railscourse/ratebeer/app/models/rating.rb": [
        1,
        1,
        1,
        1,
        null,
        null,
        2,
        null,
        1,
        24,
        null,
        null
      ],
      "/Users/teemu/Projects/railscourse/ratebeer/app/helpers/application_helper.rb": [
        1,
        1,
        1,
        0,
        null,
        0,
        0,
        null,
        null,
        null,
        1,
        21,
        null,
        null
      ],
      "/Users/teemu/Projects/railscourse/ratebeer/app/helpers/beer_clubs_helper.rb": [
        1,
        null
      ],
      "/Users/teemu/Projects/railscourse/ratebeer/app/helpers/beers_helper.rb": [
        1,
        null
      ],
      "/Users/teemu/Projects/railscourse/ratebeer/app/helpers/breweries_helper.rb": [
        1,
        null
      ],
      "/Users/teemu/Projects/railscourse/ratebeer/app/helpers/memberships_helper.rb": [
        1,
        null
      ],
      "/Users/teemu/Projects/railscourse/ratebeer/app/helpers/users_helper.rb": [
        1,
        null
      ],
      "/Users/teemu/Projects/railscourse/ratebeer/app/models/beer.rb": [
        1,
        1,
        1,
        1,
        1,
        1,
        1,
        1,
        null,
        1,
        12,
        null,
        null,
        1,
        0,
        0,
        null,
        null,
        1,
        3,
        null,
        null
      ],
      "/Users/teemu/Projects/railscourse/ratebeer/app/models/concerns/rating_average.rb": [
        1,
        1,
        1,
        28,
        66,
        14,
        null,
        null
      ],
      "/Users/teemu/Projects/railscourse/ratebeer/app/models/brewery.rb": [
        1,
        1,
        1,
        1,
        1,
        1,
        null,
        1,
        4,
        4,
        null,
        1,
        35,
        0,
        null,
        null,
        1,
        0,
        0,
        0,
        null,
        null,
        1,
        0,
        0,
        null,
        null,
        1,
        9,
        null,
        null,
        1,
        2,
        null,
        null
      ],
      "/Users/teemu/Projects/railscourse/ratebeer/app/models/user.rb": [
        1,
        1,
        1,
        1,
        1,
        1,
        1,
        1,
        1,
        1,
        1,
        null,
        1,
        2,
        null,
        null,
        1,
        1,
        null,
        null,
        1,
        34,
        4,
        null,
        null,
        null,
        1,
        34,
        4,
        null,
        null,
        null,
        1,
        21,
        31,
        null,
        null,
        1,
        3,
        null,
        null,
        1,
        20,
        null,
        null,
        1,
        23,
        44,
        27,
        null,
        null,
        1,
        61,
        15,
        null,
        null
      ],
      "/Users/teemu/Projects/railscourse/ratebeer/app/controllers/sessions_controller.rb": [
        1,
        1,
        null,
        null,
        null,
        1,
        10,
        10,
        0,
        10,
        9,
        9,
        null,
        1,
        null,
        null,
        null,
        1,
        null,
        0,
        null,
        0,
        null,
        null
      ],
      "/Users/teemu/Projects/railscourse/ratebeer/app/controllers/application_controller.rb": [
        1,
        null,
        null,
        1,
        null,
        null,
        1,
        null,
        1,
        151,
        125,
        null,
        null,
        1,
        4,
        null,
        null,
        1,
        0,
        null,
        null
      ],
      "/Users/teemu/Projects/railscourse/ratebeer/app/controllers/users_controller.rb": [
        1,
        1,
        null,
        null,
        null,
        1,
        0,
        null,
        null,
        null,
        null,
        1,
        null,
        null,
        null,
        1,
        1,
        null,
        null,
        null,
        1,
        null,
        null,
        null,
        null,
        1,
        1,
        1,
        1,
        1,
        2,
        1,
        null,
        0,
        0,
        null,
        null,
        null,
        null,
        null,
        null,
        1,
        0,
        0,
        0,
        0,
        null,
        0,
        0,
        null,
        null,
        null,
        null,
        null,
        null,
        1,
        0,
        0,
        0,
        0,
        null,
        null,
        null,
        1,
        0,
        0,
        null,
        0,
        null,
        0,
        null,
        null,
        1,
        null,
        1,
        16,
        null,
        null,
        null,
        1,
        1,
        null,
        null
      ],
      "/Users/teemu/Projects/railscourse/ratebeer/app/models/membership.rb": [
        1,
        1,
        1,
        null
      ],
      "/Users/teemu/Projects/railscourse/ratebeer/app/models/beer_club.rb": [
        1,
        1,
        1,
        null
      ],
      "/Users/teemu/Projects/railscourse/ratebeer/app/models/style.rb": [
        1,
        1,
        1,
        1,
        1,
        1,
        null,
        1,
        4,
        null,
        null,
        1,
        3,
        null,
        null
      ],
      "/Users/teemu/Projects/railscourse/ratebeer/app/controllers/beers_controller.rb": [
        1,
        1,
        1,
        1,
        1,
        null,
        null,
        null,
        1,
        1,
        null,
        null,
        null,
        null,
        1,
        0,
        0,
        null,
        null,
        null,
        1,
        2,
        null,
        null,
        null,
        1,
        null,
        null,
        null,
        null,
        1,
        2,
        null,
        2,
        2,
        2,
        1,
        null,
        2,
        1,
        null,
        null,
        null,
        null,
        null,
        null,
        1,
        0,
        0,
        0,
        0,
        null,
        0,
        0,
        null,
        null,
        null,
        null,
        null,
        null,
        1,
        0,
        0,
        0,
        0,
        null,
        null,
        null,
        1,
        null,
        1,
        0,
        null,
        null,
        null,
        1,
        2,
        null,
        null,
        1,
        4,
        4,
        null,
        null
      ],
      "/Users/teemu/Projects/railscourse/ratebeer/app/controllers/breweries_controller.rb": [
        1,
        1,
        1,
        1,
        null,
        null,
        null,
        1,
        3,
        3,
        null,
        null,
        null,
        null,
        1,
        null,
        null,
        null,
        1,
        0,
        null,
        null,
        null,
        1,
        null,
        null,
        null,
        null,
        1,
        0,
        null,
        0,
        0,
        0,
        0,
        null,
        0,
        0,
        null,
        null,
        null,
        null,
        null,
        null,
        1,
        0,
        0,
        0,
        0,
        null,
        0,
        0,
        null,
        null,
        null,
        null,
        null,
        null,
        1,
        0,
        0,
        0,
        0,
        null,
        null,
        null,
        1,
        0,
        0,
        null,
        0,
        null,
        0,
        null,
        null,
        1,
        null,
        1,
        1,
        null,
        null,
        null,
        1,
        0,
        null,
        null
      ],
      "/Users/teemu/Projects/railscourse/ratebeer/lib/beermapping_api.rb": [
        1,
        1,
        5,
        8,
        null,
        null,
        1,
        null,
        1,
        3,
        null,
        3,
        3,
        null,
        3,
        null,
        2,
        2,
        4,
        null,
        null,
        null,
        1,
        0,
        0,
        null,
        null
      ],
      "/Users/teemu/Projects/railscourse/ratebeer/app/models/place.rb": [
        1,
        1,
        null,
        1,
        null,
        1,
        6,
        null,
        null
      ],
      "/Users/teemu/Projects/railscourse/ratebeer/app/controllers/places_controller.rb": [
        1,
        1,
        null,
        1,
        null,
        null,
        1,
        null,
        null,
        1,
        3,
        3,
        1,
        null,
        2,
        null,
        null,
        null,
        1,
        0,
        0,
        null,
        null
      ],
      "/Users/teemu/Projects/railscourse/ratebeer/app/controllers/ratings_controller.rb": [
        1,
        1,
        1,
        1,
        1,
        1,
        1,
        1,
        null,
        null,
        1,
        1,
        1,
        null,
        null,
        1,
        1,
        null,
        1,
        0,
        1,
        1,
        1,
        null,
        0,
        0,
        null,
        null,
        null,
        1,
        1,
        1,
        1,
        null,
        null
      ],
      "/Users/teemu/Projects/railscourse/ratebeer/app/controllers/beer_clubs_controller.rb": [
        0,
        0,
        0,
        0,
        0,
        0,
        0,
        0,
        0,
        0,
        0,
        0,
        0,
        0,
        0,
        0,
        0,
        0,
        0,
        0,
        0,
        0,
        0,
        0,
        0,
        0,
        0,
        0,
        0,
        0,
        0,
        0,
        0,
        0,
        0,
        0,
        0,
        0,
        0,
        0,
        0,
        0,
        0,
        0,
        0,
        0,
        0,
        0,
        0,
        0,
        0,
        0,
        0,
        0,
        0,
        0,
        0,
        0,
        0,
        0,
        0,
        0,
        0,
        0,
        0,
        0,
        0,
        0,
        0,
        0,
        0,
        0,
        0,
        0,
        0,
        0,
        0,
        0,
        0,
        0,
        0,
        0,
        0
      ],
      "/Users/teemu/Projects/railscourse/ratebeer/app/controllers/memberships_controller.rb": [
        0,
        0,
        0,
        0,
        0,
        0,
        0,
        0,
        0,
        0,
        0,
        0,
        0,
        0,
        0,
        0,
        0,
        0,
        0,
        0,
        0,
        0,
        0,
        0,
        0,
        0,
        0,
        0,
        0,
        0,
        0,
        0,
        0,
        0,
        0,
        0,
        0,
        0,
        0,
        0,
        0,
        0,
        0,
        0,
        0,
        0,
        0,
        0,
        0,
        0,
        0,
        0,
        0,
        0,
        0,
        0,
        0,
        0,
        0,
        0,
        0,
        0,
        0,
        0,
        0,
        0,
        0,
        0,
        0,
        0,
        0,
        0,
        0
      ],
      "/Users/teemu/Projects/railscourse/ratebeer/app/controllers/styles_controller.rb": [
        0,
        0,
        0,
        0,
        0,
        0,
        0,
        0,
        0,
        0,
        0,
        0,
        0,
        0,
        0,
        0,
        0,
        0,
        0,
        0,
        0,
        0,
        0,
        0,
        0,
        0,
        0,
        0,
        0,
        0,
        0,
        0,
        0,
        0,
        0,
        0,
        0,
        0,
        0,
        0,
        0,
        0,
        0,
        0,
        0,
        0,
        0,
        0,
        0,
        0,
        0,
        0,
        0,
        0,
        0,
        0,
        0,
        0,
        0
      ]
    },
    "timestamp": 1456690731
  }
}
